09/01/2019 01:57:08 PagSeguro.br.com.uol.pagseguro.api.checkout.CheckoutsResource[INFO]: Iniciando checkout
09/01/2019 01:57:08 PagSeguro.br.com.uol.pagseguro.api.checkout.CheckoutsResource[INFO]: Convertendo valores
09/01/2019 01:57:08 PagSeguro.br.com.uol.pagseguro.api.checkout.CheckoutsResource[INFO]: Valores convertidos
09/01/2019 01:57:08 PagSeguro.br.com.uol.pagseguro.api.checkout.CheckoutsResource[FINE]: Parametros: RequestMap{map={itemId1=0001, extraAmount=1.00, shippingAddressState=SP, itemId2=0002, shippingType=2, paymentMethodConfigKey2_1=DISCOUNT_PERCENT, paymentMethodConfigKey3_1=MAX_INSTALLMENTS_LIMIT, paymentMethodConfigKey1_1=DISCOUNT_PERCENT, senderCPF=99999999999, reference=XXXXXX, senderName=Jose Comprador, shippingAddressComplement=99o andar, paymentMethodConfigKey4_1=MAX_INSTALLMENTS_NO_INTEREST, shippingAddressNumber=9999, senderEmail=comprador@uol.com.br, paymentMethodGroup4=CREDIT_CARD, currency=BRL, senderAreaCode=99, paymentMethodGroup1=CREDIT_CARD, shippingAddressStreet=Av. PagSeguro, paymentMethodGroup3=CREDIT_CARD, paymentMethodGroup2=BOLETO, shippingAddressCity=Cidade Exemplo, itemQuantity1=1, itemWeight1=1000, shippingCost=10.00, itemWeight2=750, itemQuantity2=2, acceptPaymentMethodGroup=BALANCE,BOLETO, shippingAddressCountry=BRA, senderPhone=99999999, shippingAddressDistrict=Jardim Internet, itemDescription1=Produto PagSeguroI, itemDescription2=Produto PagSeguroII, shippingAddressPostalCode=99999999, itemAmount1=99999.99, itemAmount2=99999.98, paymentMethodConfigValue1_1=10.00, paymentMethodConfigValue2_1=10.00, paymentMethodConfigValue3_1=10, paymentMethodConfigValue4_1=5}}
09/01/2019 01:57:08 PagSeguro.br.com.uol.pagseguro.api.http.AuthenticatedHttpClient[INFO]: Correlation Id: ce1a1798-b1e2-46a6-abf3-1b5ddb1022f0
09/01/2019 01:57:08 PagSeguro.br.com.uol.pagseguro.api.http.JSEHttpClient[INFO]: Executando [POST] em [https://ws.sandbox.pagseguro.uol.com.br/v2/checkout?appId=mrfood-teste&appKey=8F36CCD38D8DAB9DD4B7FFBB9769C930&correlationId=ce1a1798-b1e2-46a6-abf3-1b5ddb1022f0]
09/01/2019 01:57:08 PagSeguro.br.com.uol.pagseguro.api.http.JSEHttpClient[INFO]: Abrindo conexao
09/01/2019 01:57:08 PagSeguro.br.com.uol.pagseguro.api.http.JSEHttpClient[INFO]: Escrevendo body
09/01/2019 01:57:09 PagSeguro.br.com.uol.pagseguro.api.http.JSEHttpClient[INFO]: Lendo resposta
09/01/2019 01:57:09 PagSeguro.br.com.uol.pagseguro.api.http.JSEHttpClient[INFO]: Fechando conexao
09/01/2019 01:57:09 PagSeguro.br.com.uol.pagseguro.api.checkout.CheckoutsResource[FINE]: Resposta: HttpResponse{responseAsString='Unauthorized', status=401}
09/01/2019 01:57:09 PagSeguro.br.com.uol.pagseguro.api.checkout.CheckoutsResource[INFO]: Parseando XML de resposta
09/01/2019 01:59:05 PagSeguro.br.com.uol.pagseguro.api.checkout.CheckoutsResource[INFO]: Iniciando checkout
09/01/2019 01:59:05 PagSeguro.br.com.uol.pagseguro.api.checkout.CheckoutsResource[INFO]: Convertendo valores
09/01/2019 01:59:05 PagSeguro.br.com.uol.pagseguro.api.checkout.CheckoutsResource[INFO]: Valores convertidos
09/01/2019 01:59:05 PagSeguro.br.com.uol.pagseguro.api.checkout.CheckoutsResource[FINE]: Parametros: RequestMap{map={itemId1=0001, extraAmount=1.00, shippingAddressState=SP, itemId2=0002, shippingType=2, paymentMethodConfigKey2_1=DISCOUNT_PERCENT, paymentMethodConfigKey3_1=MAX_INSTALLMENTS_LIMIT, paymentMethodConfigKey1_1=DISCOUNT_PERCENT, senderCPF=01741053200, reference=XXXXXX, senderName=Jose Comprador, shippingAddressComplement=99o andar, paymentMethodConfigKey4_1=MAX_INSTALLMENTS_NO_INTEREST, shippingAddressNumber=9999, senderEmail=comprador@uol.com.br, paymentMethodGroup4=CREDIT_CARD, currency=BRL, senderAreaCode=99, paymentMethodGroup1=CREDIT_CARD, shippingAddressStreet=Av. PagSeguro, paymentMethodGroup3=CREDIT_CARD, paymentMethodGroup2=BOLETO, shippingAddressCity=Cidade Exemplo, itemQuantity1=1, itemWeight1=1000, shippingCost=10.00, itemWeight2=750, itemQuantity2=2, acceptPaymentMethodGroup=BALANCE,BOLETO, shippingAddressCountry=BRA, senderPhone=99999999, shippingAddressDistrict=Jardim Internet, itemDescription1=Produto PagSeguroI, itemDescription2=Produto PagSeguroII, shippingAddressPostalCode=99999999, itemAmount1=99999.99, itemAmount2=99999.98, paymentMethodConfigValue1_1=10.00, paymentMethodConfigValue2_1=10.00, paymentMethodConfigValue3_1=10, paymentMethodConfigValue4_1=5}}
09/01/2019 01:59:05 PagSeguro.br.com.uol.pagseguro.api.http.AuthenticatedHttpClient[INFO]: Correlation Id: 765a12e4-c89b-47d8-bbe6-d6f20f6a7da5
09/01/2019 01:59:05 PagSeguro.br.com.uol.pagseguro.api.http.JSEHttpClient[INFO]: Executando [POST] em [https://ws.sandbox.pagseguro.uol.com.br/v2/checkout?appId=mrfood-teste&appKey=8F36CCD38D8DAB9DD4B7FFBB9769C930&correlationId=765a12e4-c89b-47d8-bbe6-d6f20f6a7da5]
09/01/2019 01:59:05 PagSeguro.br.com.uol.pagseguro.api.http.JSEHttpClient[INFO]: Abrindo conexao
09/01/2019 01:59:05 PagSeguro.br.com.uol.pagseguro.api.http.JSEHttpClient[INFO]: Escrevendo body
09/01/2019 01:59:07 PagSeguro.br.com.uol.pagseguro.api.http.JSEHttpClient[INFO]: Lendo resposta
09/01/2019 01:59:07 PagSeguro.br.com.uol.pagseguro.api.http.JSEHttpClient[INFO]: Fechando conexao
09/01/2019 01:59:07 PagSeguro.br.com.uol.pagseguro.api.checkout.CheckoutsResource[FINE]: Resposta: HttpResponse{responseAsString='Unauthorized', status=401}
09/01/2019 01:59:07 PagSeguro.br.com.uol.pagseguro.api.checkout.CheckoutsResource[INFO]: Parseando XML de resposta
09/01/2019 02:04:15 PagSeguro.br.com.uol.pagseguro.api.checkout.CheckoutsResource[INFO]: Iniciando checkout
09/01/2019 02:04:15 PagSeguro.br.com.uol.pagseguro.api.checkout.CheckoutsResource[INFO]: Convertendo valores
09/01/2019 02:04:15 PagSeguro.br.com.uol.pagseguro.api.checkout.CheckoutsResource[INFO]: Valores convertidos
09/01/2019 02:04:15 PagSeguro.br.com.uol.pagseguro.api.checkout.CheckoutsResource[FINE]: Parametros: RequestMap{map={itemId1=0001, extraAmount=1.00, shippingAddressState=SP, itemId2=0002, shippingType=2, paymentMethodConfigKey2_1=DISCOUNT_PERCENT, paymentMethodConfigKey3_1=MAX_INSTALLMENTS_LIMIT, paymentMethodConfigKey1_1=DISCOUNT_PERCENT, senderCPF=01741053200, reference=XXXXXX, senderName=Jose Comprador, shippingAddressComplement=99o andar, paymentMethodConfigKey4_1=MAX_INSTALLMENTS_NO_INTEREST, shippingAddressNumber=9999, senderEmail=comprador@uol.com.br, paymentMethodGroup4=CREDIT_CARD, currency=BRL, senderAreaCode=99, paymentMethodGroup1=CREDIT_CARD, shippingAddressStreet=Av. PagSeguro, paymentMethodGroup3=CREDIT_CARD, paymentMethodGroup2=BOLETO, shippingAddressCity=Cidade Exemplo, itemQuantity1=1, itemWeight1=1000, shippingCost=10.00, itemWeight2=750, itemQuantity2=2, acceptPaymentMethodGroup=BALANCE,BOLETO, shippingAddressCountry=BRA, senderPhone=99999999, shippingAddressDistrict=Jardim Internet, itemDescription1=Produto PagSeguroI, itemDescription2=Produto PagSeguroII, shippingAddressPostalCode=99999999, itemAmount1=99999.99, itemAmount2=99999.98, paymentMethodConfigValue1_1=10.00, paymentMethodConfigValue2_1=10.00, paymentMethodConfigValue3_1=10, paymentMethodConfigValue4_1=5}}
09/01/2019 02:04:15 PagSeguro.br.com.uol.pagseguro.api.http.AuthenticatedHttpClient[INFO]: Correlation Id: 072c3464-eefe-4c39-8d32-8d871fd13994
09/01/2019 02:04:15 PagSeguro.br.com.uol.pagseguro.api.http.JSEHttpClient[INFO]: Executando [POST] em [https://ws.sandbox.pagseguro.uol.com.br/v2/checkout?email=henrique.phgb@gmail.com&token=D83952CDFE8E4D4781CEDD36888AD808&correlationId=072c3464-eefe-4c39-8d32-8d871fd13994]
09/01/2019 02:04:15 PagSeguro.br.com.uol.pagseguro.api.http.JSEHttpClient[INFO]: Abrindo conexao
09/01/2019 02:04:15 PagSeguro.br.com.uol.pagseguro.api.http.JSEHttpClient[INFO]: Escrevendo body
09/01/2019 02:04:18 PagSeguro.br.com.uol.pagseguro.api.http.JSEHttpClient[INFO]: Lendo resposta
09/01/2019 02:04:18 PagSeguro.br.com.uol.pagseguro.api.http.JSEHttpClient[INFO]: Fechando conexao
09/01/2019 02:04:18 PagSeguro.br.com.uol.pagseguro.api.checkout.CheckoutsResource[FINE]: Resposta: HttpResponse{responseAsString='Unauthorized', status=401}
09/01/2019 02:04:18 PagSeguro.br.com.uol.pagseguro.api.checkout.CheckoutsResource[INFO]: Parseando XML de resposta
09/01/2019 02:04:42 PagSeguro.br.com.uol.pagseguro.api.checkout.CheckoutsResource[INFO]: Iniciando checkout
09/01/2019 02:04:42 PagSeguro.br.com.uol.pagseguro.api.checkout.CheckoutsResource[INFO]: Convertendo valores
09/01/2019 02:04:42 PagSeguro.br.com.uol.pagseguro.api.checkout.CheckoutsResource[INFO]: Valores convertidos
09/01/2019 02:04:42 PagSeguro.br.com.uol.pagseguro.api.checkout.CheckoutsResource[FINE]: Parametros: RequestMap{map={itemId1=0001, extraAmount=1.00, shippingAddressState=SP, itemId2=0002, shippingType=2, paymentMethodConfigKey2_1=DISCOUNT_PERCENT, paymentMethodConfigKey3_1=MAX_INSTALLMENTS_LIMIT, paymentMethodConfigKey1_1=DISCOUNT_PERCENT, senderCPF=01741053200, reference=XXXXXX, senderName=Jose Comprador, shippingAddressComplement=99o andar, paymentMethodConfigKey4_1=MAX_INSTALLMENTS_NO_INTEREST, shippingAddressNumber=9999, senderEmail=comprador@uol.com.br, paymentMethodGroup4=CREDIT_CARD, currency=BRL, senderAreaCode=99, paymentMethodGroup1=CREDIT_CARD, shippingAddressStreet=Av. PagSeguro, paymentMethodGroup3=CREDIT_CARD, paymentMethodGroup2=BOLETO, shippingAddressCity=Cidade Exemplo, itemQuantity1=1, itemWeight1=1000, shippingCost=10.00, itemWeight2=750, itemQuantity2=2, acceptPaymentMethodGroup=BALANCE,BOLETO, shippingAddressCountry=BRA, senderPhone=99999999, shippingAddressDistrict=Jardim Internet, itemDescription1=Produto PagSeguroI, itemDescription2=Produto PagSeguroII, shippingAddressPostalCode=99999999, itemAmount1=99999.99, itemAmount2=99999.98, paymentMethodConfigValue1_1=10.00, paymentMethodConfigValue2_1=10.00, paymentMethodConfigValue3_1=10, paymentMethodConfigValue4_1=5}}
09/01/2019 02:04:42 PagSeguro.br.com.uol.pagseguro.api.http.AuthenticatedHttpClient[INFO]: Correlation Id: d60590b2-b390-49d5-aef5-58c1a11b0146
09/01/2019 02:04:42 PagSeguro.br.com.uol.pagseguro.api.http.JSEHttpClient[INFO]: Executando [POST] em [https://ws.pagseguro.uol.com.br/v2/checkout?email=henrique.phgb@gmail.com&token=D83952CDFE8E4D4781CEDD36888AD808&correlationId=d60590b2-b390-49d5-aef5-58c1a11b0146]
09/01/2019 02:04:42 PagSeguro.br.com.uol.pagseguro.api.http.JSEHttpClient[INFO]: Abrindo conexao
09/01/2019 02:04:42 PagSeguro.br.com.uol.pagseguro.api.http.JSEHttpClient[INFO]: Escrevendo body
09/01/2019 02:04:44 PagSeguro.br.com.uol.pagseguro.api.http.JSEHttpClient[INFO]: Lendo resposta
09/01/2019 02:04:44 PagSeguro.br.com.uol.pagseguro.api.http.JSEHttpClient[INFO]: Fechando conexao
09/01/2019 02:04:44 PagSeguro.br.com.uol.pagseguro.api.checkout.CheckoutsResource[FINE]: Resposta: HttpResponse{responseAsString='<?xml version="1.0" encoding="ISO-8859-1" standalone="yes"?><errors><error><code>11150</code><message>Unauthorized PaymentMethodConfig: MAX_INSTALLMENTS_LIMIT</message></error></errors>', status=400}
09/01/2019 02:04:44 PagSeguro.br.com.uol.pagseguro.api.checkout.CheckoutsResource[INFO]: Parseando XML de resposta
09/01/2019 02:06:14 PagSeguro.br.com.uol.pagseguro.api.checkout.CheckoutsResource[INFO]: Iniciando checkout
09/01/2019 02:06:14 PagSeguro.br.com.uol.pagseguro.api.checkout.CheckoutsResource[INFO]: Convertendo valores
09/01/2019 02:06:14 PagSeguro.br.com.uol.pagseguro.api.checkout.CheckoutsResource[INFO]: Valores convertidos
09/01/2019 02:06:14 PagSeguro.br.com.uol.pagseguro.api.checkout.CheckoutsResource[FINE]: Parametros: RequestMap{map={itemId1=0001, extraAmount=1.00, shippingAddressState=SP, itemId2=0002, shippingType=2, paymentMethodConfigKey2_1=DISCOUNT_PERCENT, paymentMethodConfigKey3_1=MAX_INSTALLMENTS_LIMIT, paymentMethodConfigKey1_1=DISCOUNT_PERCENT, senderCPF=01741053200, reference=XXXXXX, senderName=Jose Comprador, shippingAddressComplement=99o andar, paymentMethodConfigKey4_1=MAX_INSTALLMENTS_NO_INTEREST, shippingAddressNumber=9999, senderEmail=comprador@uol.com.br, paymentMethodGroup4=CREDIT_CARD, currency=BRL, senderAreaCode=99, paymentMethodGroup1=CREDIT_CARD, shippingAddressStreet=Av. PagSeguro, paymentMethodGroup3=CREDIT_CARD, paymentMethodGroup2=BOLETO, shippingAddressCity=Cidade Exemplo, itemQuantity1=1, itemWeight1=1000, shippingCost=10.00, itemWeight2=750, itemQuantity2=2, acceptPaymentMethodGroup=BALANCE,BOLETO, shippingAddressCountry=BRA, senderPhone=99999999, shippingAddressDistrict=Jardim Internet, itemDescription1=Produto PagSeguroI, itemDescription2=Produto PagSeguroII, shippingAddressPostalCode=99999999, itemAmount1=99999.99, itemAmount2=99999.98, paymentMethodConfigValue1_1=10.00, paymentMethodConfigValue2_1=10.00, paymentMethodConfigValue3_1=10, paymentMethodConfigValue4_1=5}}
09/01/2019 02:06:14 PagSeguro.br.com.uol.pagseguro.api.http.AuthenticatedHttpClient[INFO]: Correlation Id: 5f4b381b-5ed9-430d-8630-74f60d60ff62
09/01/2019 02:06:14 PagSeguro.br.com.uol.pagseguro.api.http.JSEHttpClient[INFO]: Executando [POST] em [https://ws.sandbox.pagseguro.uol.com.br/v2/checkout?email=henrique.phgb@gmail.com&token=ECE837D33EE94BFFAF0364B256ACFC8C&correlationId=5f4b381b-5ed9-430d-8630-74f60d60ff62]
09/01/2019 02:06:14 PagSeguro.br.com.uol.pagseguro.api.http.JSEHttpClient[INFO]: Abrindo conexao
09/01/2019 02:06:14 PagSeguro.br.com.uol.pagseguro.api.http.JSEHttpClient[INFO]: Escrevendo body
09/01/2019 02:06:16 PagSeguro.br.com.uol.pagseguro.api.http.JSEHttpClient[INFO]: Lendo resposta
09/01/2019 02:06:16 PagSeguro.br.com.uol.pagseguro.api.http.JSEHttpClient[INFO]: Fechando conexao
09/01/2019 02:06:16 PagSeguro.br.com.uol.pagseguro.api.checkout.CheckoutsResource[FINE]: Resposta: HttpResponse{responseAsString='<?xml version="1.0" encoding="ISO-8859-1" standalone="yes"?><checkout><code>0110933C61619DA55423CFB93931CE15</code><date>2019-01-09T03:06:16.000-02:00</date></checkout>', status=200}
09/01/2019 02:06:16 PagSeguro.br.com.uol.pagseguro.api.checkout.CheckoutsResource[INFO]: Parseando XML de resposta
09/01/2019 02:06:16 PagSeguro.br.com.uol.pagseguro.api.checkout.CheckoutsResource[INFO]: Parseamento finalizado
09/01/2019 02:06:16 PagSeguro.br.com.uol.pagseguro.api.checkout.CheckoutsResource[INFO]: Checkout finalizado
10/01/2019 10:13:38 PagSeguro.br.com.uol.pagseguro.api.transaction.register.DirectPaymentRegisterResource[INFO]: Iniciando pagamento direto com cartao de credito
10/01/2019 10:13:38 PagSeguro.br.com.uol.pagseguro.api.transaction.register.DirectPaymentRegisterResource[INFO]: Convertendo valores
10/01/2019 10:13:38 PagSeguro.br.com.uol.pagseguro.api.transaction.register.DirectPaymentRegisterResource[INFO]: Valores convertidos
10/01/2019 10:13:38 PagSeguro.br.com.uol.pagseguro.api.transaction.register.DirectPaymentRegisterResource[FINE]: Parametros: RequestMap{map={notificationURL=www.sualoja.com.br/notification, itemId1=0001, creditCardHolderCPF=99999999999, installmentQuantity=2, shippingAddressState=SP, creditCardHolderAreaCode=99, billingAddressNumber=9999, itemId2=0002, shippingType=2, senderCPF=99999999999, reference=LIBJAVA_DIRECT_PAYMENT, senderName=Jose Comprador, creditCardToken=creditCardToken, creditCardHolderBirthDate=01/01/1900, senderHash=abc123, shippingAddressComplement=99o andar, senderEmail=comprador@uol.com.br, shippingAddressNumber=9999, currency=BRL, senderAreaCode=99, billingAddressPostalCode=99999999, shippingAddressStreet=Av. PagSeguro, installmentValue=135.50, shippingAddressCity=Cidade Exemplo, itemQuantity1=1, itemWeight1=1000, billingAddressDistrict=Jardim Internet, itemWeight2=750, shippingCost=10.00, creditCardHolderPhone=99999999, billingAddressCity=Cidade Exemplo, paymentMode=default, itemQuantity2=2, creditCardHolderName=Jose Comprador, shippingAddressCountry=BRA, senderPhone=99999999, billingAddressState=SP, shippingAddressDistrict=Jardim Internet, billingAddressComplement=99o andar, itemDescription1=Produto PagSeguroI, billingAddressStreet=Av. PagSeguro, itemDescription2=Produto PagSeguroII, paymentMethod=creditCard, itemAmount1=99999.99, shippingAddressPostalCode=99999999, itemAmount2=99999.98, billingAddressCountry=BRA}}
10/01/2019 10:13:38 PagSeguro.br.com.uol.pagseguro.api.http.AuthenticatedHttpClient[INFO]: Correlation Id: ff9297cc-e78b-4637-b329-3e1e0749ca21
10/01/2019 10:13:38 PagSeguro.br.com.uol.pagseguro.api.http.JSEHttpClient[INFO]: Executando [POST] em [https://ws.sandbox.pagseguro.uol.com.br/v2/transactions?email=henrique.phgb@gmail.com&token=ECE837D33EE94BFFAF0364B256ACFC8C&correlationId=ff9297cc-e78b-4637-b329-3e1e0749ca21]
10/01/2019 10:13:38 PagSeguro.br.com.uol.pagseguro.api.http.JSEHttpClient[INFO]: Abrindo conexao
10/01/2019 10:13:38 PagSeguro.br.com.uol.pagseguro.api.http.JSEHttpClient[INFO]: Escrevendo body
10/01/2019 10:13:40 PagSeguro.br.com.uol.pagseguro.api.http.JSEHttpClient[INFO]: Lendo resposta
10/01/2019 10:13:41 PagSeguro.br.com.uol.pagseguro.api.http.JSEHttpClient[INFO]: Fechando conexao
10/01/2019 10:13:41 PagSeguro.br.com.uol.pagseguro.api.transaction.register.DirectPaymentRegisterResource[FINE]: Resposta: HttpResponse{responseAsString='<?xml version="1.0" encoding="ISO-8859-1" standalone="yes"?><errors><error><code>53142</code><message>credit card token invalid.</message></error></errors>', status=400}
10/01/2019 10:13:41 PagSeguro.br.com.uol.pagseguro.api.transaction.register.DirectPaymentRegisterResource[INFO]: Parseando XML de resposta
10/01/2019 10:14:04 PagSeguro.br.com.uol.pagseguro.api.transaction.register.DirectPaymentRegisterResource[INFO]: Iniciando pagamento direto com cartao de credito
10/01/2019 10:14:04 PagSeguro.br.com.uol.pagseguro.api.transaction.register.DirectPaymentRegisterResource[INFO]: Convertendo valores
10/01/2019 10:14:04 PagSeguro.br.com.uol.pagseguro.api.transaction.register.DirectPaymentRegisterResource[INFO]: Valores convertidos
10/01/2019 10:14:04 PagSeguro.br.com.uol.pagseguro.api.transaction.register.DirectPaymentRegisterResource[FINE]: Parametros: RequestMap{map={notificationURL=www.sualoja.com.br/notification, itemId1=0001, creditCardHolderCPF=99999999999, installmentQuantity=2, shippingAddressState=SP, creditCardHolderAreaCode=99, billingAddressNumber=9999, itemId2=0002, shippingType=2, senderCPF=99999999999, reference=LIBJAVA_DIRECT_PAYMENT, senderName=Jose Comprador, creditCardHolderBirthDate=01/01/1900, senderHash=abc123, shippingAddressComplement=99o andar, senderEmail=comprador@uol.com.br, shippingAddressNumber=9999, currency=BRL, senderAreaCode=99, billingAddressPostalCode=99999999, shippingAddressStreet=Av. PagSeguro, installmentValue=135.50, shippingAddressCity=Cidade Exemplo, itemQuantity1=1, itemWeight1=1000, billingAddressDistrict=Jardim Internet, itemWeight2=750, shippingCost=10.00, creditCardHolderPhone=99999999, billingAddressCity=Cidade Exemplo, paymentMode=default, itemQuantity2=2, creditCardHolderName=Jose Comprador, shippingAddressCountry=BRA, senderPhone=99999999, billingAddressState=SP, shippingAddressDistrict=Jardim Internet, billingAddressComplement=99o andar, itemDescription1=Produto PagSeguroI, billingAddressStreet=Av. PagSeguro, itemDescription2=Produto PagSeguroII, paymentMethod=creditCard, itemAmount1=99999.99, shippingAddressPostalCode=99999999, itemAmount2=99999.98, billingAddressCountry=BRA}}
10/01/2019 10:14:04 PagSeguro.br.com.uol.pagseguro.api.http.AuthenticatedHttpClient[INFO]: Correlation Id: f415dcf7-de4b-4035-9da6-7d7276168072
10/01/2019 10:14:04 PagSeguro.br.com.uol.pagseguro.api.http.JSEHttpClient[INFO]: Executando [POST] em [https://ws.sandbox.pagseguro.uol.com.br/v2/transactions?email=henrique.phgb@gmail.com&token=ECE837D33EE94BFFAF0364B256ACFC8C&correlationId=f415dcf7-de4b-4035-9da6-7d7276168072]
10/01/2019 10:14:04 PagSeguro.br.com.uol.pagseguro.api.http.JSEHttpClient[INFO]: Abrindo conexao
10/01/2019 10:14:04 PagSeguro.br.com.uol.pagseguro.api.http.JSEHttpClient[INFO]: Escrevendo body
10/01/2019 10:14:05 PagSeguro.br.com.uol.pagseguro.api.http.JSEHttpClient[INFO]: Lendo resposta
10/01/2019 10:14:05 PagSeguro.br.com.uol.pagseguro.api.http.JSEHttpClient[INFO]: Fechando conexao
10/01/2019 10:14:05 PagSeguro.br.com.uol.pagseguro.api.transaction.register.DirectPaymentRegisterResource[SEVERE]: Erro ao executar pagamento direto com cartao de credito
